<?xml version="1.0" encoding="UTF-8"?>
<!-- Generated by org.testng.reporters.JUnitReportReporter -->
<testsuite hostname="MSI" failures="0" tests="2" name="Test.test" time="0.006" errors="0" timestamp="2023-06-28T19:56:39 EDT" skipped="0">
  <testcase classname="Test.test" name="run1" time="0.005"/>
  <testcase classname="Test.test" name="run" time="0.001"/>
</testsuite> <!-- Test.test -->
