<?xml version="1.0" encoding="UTF-8"?>
<!-- Generated by org.testng.reporters.JUnitReportReporter -->
<testsuite hostname="MSI" failures="0" tests="2" name="Test.Test1" time="0.005" errors="0" timestamp="2023-06-28T19:56:39 EDT" skipped="0">
  <testcase classname="Test.Test1" name="run" time="0.003"/>
  <testcase classname="Test.Test1" name="run2" time="0.002"/>
</testsuite> <!-- Test.Test1 -->
