<?xml version="1.0" encoding="UTF-8"?>
<!-- Generated by org.testng.reporters.JUnitReportReporter -->
<testsuite hostname="MSI" failures="0" tests="1" name="Test.Testing" time="1.362" errors="0" timestamp="2023-06-28T20:03:37 EDT" skipped="0">
  <testcase classname="Test.Testing" name="login" time="1.362"/>
</testsuite> <!-- Test.Testing -->
